C:\USERS\JSZX\DESKTOP\CALCULATOR\CALCULATOR\DEBUG\CALCULATOR.EXE.EMBED.MANIFEST
C:\USERS\JSZX\DESKTOP\CALCULATOR\CALCULATOR\DEBUG\CALCULATOR.EXE.EMBED.MANIFEST.RES
C:\USERS\JSZX\DESKTOP\CALCULATOR\CALCULATOR\DEBUG\CALCULATOR.EXE.INTERMEDIATE.MANIFEST
C:\USERS\JSZX\DESKTOP\CALCULATOR\CALCULATOR\DEBUG\CALCULATOR.OBJ
C:\USERS\JSZX\DESKTOP\CALCULATOR\CALCULATOR\DEBUG\CALCULATOR.PCH
C:\USERS\JSZX\DESKTOP\CALCULATOR\CALCULATOR\DEBUG\CALCULATOR.RES
C:\USERS\JSZX\DESKTOP\CALCULATOR\CALCULATOR\DEBUG\CALCULATORDLG.OBJ
C:\USERS\JSZX\DESKTOP\CALCULATOR\CALCULATOR\DEBUG\STDAFX.OBJ
C:\USERS\JSZX\DESKTOP\CALCULATOR\CALCULATOR\DEBUG\VC100.PDB
C:\USERS\JSZX\DESKTOP\CALCULATOR\DEBUG\CALCULATOR.EXE
C:\USERS\JSZX\DESKTOP\CALCULATOR\DEBUG\CALCULATOR.ILK
C:\USERS\JSZX\DESKTOP\CALCULATOR\DEBUG\CALCULATOR.PDB
C:\USERS\JSZX\DESKTOP\CALCULATOR1\CALCULATOR\DEBUG\CALCULATOR.EXE.EMBED.MANIFEST.RES
C:\USERS\JSZX\DESKTOP\CALCULATOR1\CALCULATOR\DEBUG\CALCULATOR.EXE.INTERMEDIATE.MANIFEST
C:\USERS\JSZX\DESKTOP\CALCULATOR1\CALCULATOR\DEBUG\CALCULATOR.OBJ
C:\USERS\JSZX\DESKTOP\CALCULATOR1\CALCULATOR\DEBUG\CALCULATOR.PCH
C:\USERS\JSZX\DESKTOP\CALCULATOR1\CALCULATOR\DEBUG\CALCULATOR.RES
C:\USERS\JSZX\DESKTOP\CALCULATOR1\CALCULATOR\DEBUG\CALCULATORDLG.OBJ
C:\USERS\JSZX\DESKTOP\CALCULATOR1\CALCULATOR\DEBUG\STDAFX.OBJ
C:\USERS\JSZX\DESKTOP\CALCULATOR1\CALCULATOR\DEBUG\VC100.PDB
C:\USERS\JSZX\DESKTOP\CALCULATOR1\DEBUG\CALCULATOR.EXE
C:\USERS\JSZX\DESKTOP\CALCULATOR1\DEBUG\CALCULATOR.ILK
C:\USERS\JSZX\DESKTOP\CALCULATOR1\DEBUG\CALCULATOR.PDB
C:\USERS\JSZX\DESKTOP\CALCULATOR2\CALCULATOR\DEBUG\CALCULATOR.EXE.EMBED.MANIFEST.RES
C:\USERS\JSZX\DESKTOP\CALCULATOR2\CALCULATOR\DEBUG\CALCULATOR.EXE.INTERMEDIATE.MANIFEST
C:\USERS\JSZX\DESKTOP\CALCULATOR2\CALCULATOR\DEBUG\CALCULATOR.OBJ
C:\USERS\JSZX\DESKTOP\CALCULATOR2\CALCULATOR\DEBUG\CALCULATOR.PCH
C:\USERS\JSZX\DESKTOP\CALCULATOR2\CALCULATOR\DEBUG\CALCULATOR.RES
C:\USERS\JSZX\DESKTOP\CALCULATOR2\CALCULATOR\DEBUG\CALCULATORDLG.OBJ
C:\USERS\JSZX\DESKTOP\CALCULATOR2\CALCULATOR\DEBUG\STDAFX.OBJ
C:\USERS\JSZX\DESKTOP\CALCULATOR2\CALCULATOR\DEBUG\VC100.PDB
C:\USERS\JSZX\DESKTOP\CALCULATOR2\DEBUG\CALCULATOR.EXE
C:\USERS\JSZX\DESKTOP\CALCULATOR2\DEBUG\CALCULATOR.ILK
C:\USERS\JSZX\DESKTOP\CALCULATOR2\DEBUG\CALCULATOR.PDB
C:\USERS\JSZX\DESKTOP\CALCULATOR3\CALCULATOR\DEBUG\CALCULATOR.EXE.EMBED.MANIFEST.RES
C:\USERS\JSZX\DESKTOP\CALCULATOR3\CALCULATOR\DEBUG\CALCULATOR.EXE.INTERMEDIATE.MANIFEST
C:\USERS\JSZX\DESKTOP\CALCULATOR3\CALCULATOR\DEBUG\CALCULATOR.OBJ
C:\USERS\JSZX\DESKTOP\CALCULATOR3\CALCULATOR\DEBUG\CALCULATOR.PCH
C:\USERS\JSZX\DESKTOP\CALCULATOR3\CALCULATOR\DEBUG\CALCULATOR.RES
C:\USERS\JSZX\DESKTOP\CALCULATOR3\CALCULATOR\DEBUG\CALCULATORDLG.OBJ
C:\USERS\JSZX\DESKTOP\CALCULATOR3\CALCULATOR\DEBUG\STDAFX.OBJ
C:\USERS\JSZX\DESKTOP\CALCULATOR3\CALCULATOR\DEBUG\VC100.PDB
C:\USERS\JSZX\DESKTOP\CALCULATOR3\DEBUG\CALCULATOR.EXE
C:\USERS\JSZX\DESKTOP\CALCULATOR3\DEBUG\CALCULATOR.ILK
C:\USERS\JSZX\DESKTOP\CALCULATOR3\DEBUG\CALCULATOR.PDB
C:\USERS\JSZX\DESKTOP\CALCULATOR4\CALCULATOR\DEBUG\CALCULATOR.EXE.EMBED.MANIFEST.RES
C:\USERS\JSZX\DESKTOP\CALCULATOR4\CALCULATOR\DEBUG\CALCULATOR.EXE.INTERMEDIATE.MANIFEST
C:\USERS\JSZX\DESKTOP\CALCULATOR4\CALCULATOR\DEBUG\CALCULATOR.OBJ
C:\USERS\JSZX\DESKTOP\CALCULATOR4\CALCULATOR\DEBUG\CALCULATOR.PCH
C:\USERS\JSZX\DESKTOP\CALCULATOR4\CALCULATOR\DEBUG\CALCULATOR.RES
C:\USERS\JSZX\DESKTOP\CALCULATOR4\CALCULATOR\DEBUG\CALCULATORDLG.OBJ
C:\USERS\JSZX\DESKTOP\CALCULATOR4\CALCULATOR\DEBUG\STDAFX.OBJ
C:\USERS\JSZX\DESKTOP\CALCULATOR4\CALCULATOR\DEBUG\VC100.PDB
C:\USERS\JSZX\DESKTOP\CALCULATOR4\DEBUG\CALCULATOR.EXE
C:\USERS\JSZX\DESKTOP\CALCULATOR4\DEBUG\CALCULATOR.ILK
C:\USERS\JSZX\DESKTOP\CALCULATOR4\DEBUG\CALCULATOR.PDB
G:\calculator5\calculator\Debug\calculator.exe.embed.manifest
G:\CALCULATOR5\CALCULATOR\DEBUG\CALCULATOR.EXE.EMBED.MANIFEST.RES
G:\calculator5\calculator\Debug\calculator.exe.intermediate.manifest
G:\CALCULATOR5\CALCULATOR\DEBUG\CALCULATOR.OBJ
G:\CALCULATOR5\CALCULATOR\DEBUG\CALCULATOR.PCH
G:\CALCULATOR5\CALCULATOR\DEBUG\CALCULATOR.RES
G:\calculator5\calculator\Debug\calculator.write.1.tlog
G:\calculator5\calculator\Debug\calculator_manifest.rc
G:\CALCULATOR5\CALCULATOR\DEBUG\CALCULATORDLG.OBJ
G:\calculator5\calculator\Debug\cl.command.1.tlog
G:\calculator5\calculator\Debug\CL.read.1.tlog
G:\calculator5\calculator\Debug\CL.write.1.tlog
G:\calculator5\calculator\Debug\link.1168.read.1.tlog
G:\calculator5\calculator\Debug\link.1168.write.1.tlog
G:\calculator5\calculator\Debug\link.1168-cvtres.read.1.tlog
G:\calculator5\calculator\Debug\link.1168-cvtres.write.1.tlog
G:\calculator5\calculator\Debug\link.command.1.tlog
G:\calculator5\calculator\Debug\link.read.1.tlog
G:\calculator5\calculator\Debug\link.write.1.tlog
G:\calculator5\calculator\Debug\link-cvtres.read.1.tlog
G:\calculator5\calculator\Debug\link-cvtres.write.1.tlog
G:\calculator5\calculator\Debug\mt.command.1.tlog
G:\calculator5\calculator\Debug\mt.read.1.tlog
G:\calculator5\calculator\Debug\mt.write.1.tlog
G:\calculator5\calculator\Debug\rc.command.1.tlog
G:\calculator5\calculator\Debug\rc.read.1.tlog
G:\calculator5\calculator\Debug\rc.write.1.tlog
G:\CALCULATOR5\CALCULATOR\DEBUG\STDAFX.OBJ
G:\calculator5\calculator\Debug\vc100.idb
G:\CALCULATOR5\CALCULATOR\DEBUG\VC100.PDB
G:\calculator5\Debug\calculator.pdb
H:\CALCULATOR5\CALCULATOR\DEBUG\CALCULATOR.EXE.EMBED.MANIFEST.RES
H:\CALCULATOR5\CALCULATOR\DEBUG\CALCULATOR.OBJ
H:\CALCULATOR5\CALCULATOR\DEBUG\CALCULATOR.PCH
H:\CALCULATOR5\CALCULATOR\DEBUG\CALCULATOR.RES
H:\CALCULATOR5\CALCULATOR\DEBUG\CALCULATORDLG.OBJ
H:\CALCULATOR5\CALCULATOR\DEBUG\STDAFX.OBJ
H:\CALCULATOR5\CALCULATOR\DEBUG\VC100.PDB
